RentEazy/app/build/intermediates/manifest_merge_blame_file/debug/manifest-merger-blame-debug-report.txt
1<?xml version="1.0" encoding="utf-8"?>
2<manifest xmlns:android="http://schemas.android.com/apk/res/android"
3    package="com.renteazy"
4    android:versionCode="1"
5    android:versionName="1.0" >
6
7    <uses-sdk
8        android:minSdkVersion="24"
9        android:targetSdkVersion="34" />
10
11    <uses-permission android:name="android.permission.INTERNET" />
11-->[com.google.firebase:firebase-auth:22.3.1] AndroidManifest.xml:25:5-67
11-->[com.google.firebase:firebase-auth:22.3.1] AndroidManifest.xml:25:22-64
12    <uses-permission android:name="android.permission.ACCESS_NETWORK_STATE" />
12-->[com.google.firebase:firebase-auth:22.3.1] AndroidManifest.xml:26:5-79
12-->[com.google.firebase:firebase-auth:22.3.1] AndroidManifest.xml:26:22-76
13    <uses-permission android:name="com.google.android.providers.gsf.permission.READ_GSERVICES" />
13-->[com.google.android.recaptcha:recaptcha:18.4.0] AndroidManifest.xml:9:5-98
13-->[com.google.android.recaptcha:recaptcha:18.4.0] AndroidManifest.xml:9:22-95
14
15    <permission
15-->[androidx.core:core:1.12.0] AndroidManifest.xml:22:5-24:47
16        android:name="com.renteazy.DYNAMIC_RECEIVER_NOT_EXPORTED_PERMISSION"
16-->[androidx.core:core:1.12.0] AndroidManifest.xml:23:9-81
17        android:protectionLevel="signature" />
17-->[androidx.core:core:1.12.0] AndroidManifest.xml:24:9-44
18
19    <uses-permission android:name="com.renteazy.DYNAMIC_RECEIVER_NOT_EXPORTED_PERMISSION" />
19-->[androidx.core:core:1.12.0] AndroidManifest.xml:26:5-97
19-->[androidx.core:core:1.12.0] AndroidManifest.xml:26:22-94
20
21    <application
21-->src/main/AndroidManifest.xml:3:5-22:19
22        android:name="com.renteazy.app.RentEazyApp"
22-->src/main/AndroidManifest.xml:4:9-40
23        android:allowBackup="true"
23-->src/main/AndroidManifest.xml:5:9-35
24        android:appComponentFactory="androidx.core.app.CoreComponentFactory"
24-->[androidx.core:core:1.12.0] AndroidManifest.xml:28:18-86
25        android:debuggable="true"
26        android:extractNativeLibs="false"
27        android:icon="@mipmap/ic_launcher"
27-->src/main/AndroidManifest.xml:6:9-43
28        android:label="@string/app_name"
28-->src/main/AndroidManifest.xml:7:9-41
29        android:roundIcon="@mipmap/ic_launcher_round"
29-->src/main/AndroidManifest.xml:8:9-54
30        android:supportsRtl="true"
30-->src/main/AndroidManifest.xml:9:9-35
31        android:theme="@style/Theme.RentEazy" >
31-->src/main/AndroidManifest.xml:10:9-46
32        <activity
32-->src/main/AndroidManifest.xml:11:9-13:39
33            android:name="com.renteazy.activities.LoginActivity"
33-->src/main/AndroidManifest.xml:12:13-53
34            android:exported="false" />
34-->src/main/AndroidManifest.xml:13:13-37
35        <activity
35-->src/main/AndroidManifest.xml:14:9-21:20
36            android:name="com.renteazy.activities.MainActivity"
36-->src/main/AndroidManifest.xml:15:13-52
37            android:exported="true" >
37-->src/main/AndroidManifest.xml:16:13-36
38            <intent-filter>
38-->src/main/AndroidManifest.xml:17:13-20:29
39                <action android:name="android.intent.action.MAIN" />
39-->src/main/AndroidManifest.xml:18:17-69
39-->src/main/AndroidManifest.xml:18:25-66
40
41                <category android:name="android.intent.category.LAUNCHER" />
41-->src/main/AndroidManifest.xml:19:17-77
41-->src/main/AndroidManifest.xml:19:27-74
42            </intent-filter>
43        </activity>
44
45        <provider
45-->[androidx.emoji2:emoji2:1.2.0] AndroidManifest.xml:24:9-32:20
46            android:name="androidx.startup.InitializationProvider"
46-->[androidx.emoji2:emoji2:1.2.0] AndroidManifest.xml:25:13-67
47            android:authorities="com.renteazy.androidx-startup"
47-->[androidx.emoji2:emoji2:1.2.0] AndroidManifest.xml:26:13-68
48            android:exported="false" >
48-->[androidx.emoji2:emoji2:1.2.0] AndroidManifest.xml:27:13-37
49            <meta-data
49-->[androidx.emoji2:emoji2:1.2.0] AndroidManifest.xml:29:13-31:52
50                android:name="androidx.emoji2.text.EmojiCompatInitializer"
50-->[androidx.emoji2:emoji2:1.2.0] AndroidManifest.xml:30:17-75
51                android:value="androidx.startup" />
51-->[androidx.emoji2:emoji2:1.2.0] AndroidManifest.xml:31:17-49
52            <meta-data
52-->[androidx.lifecycle:lifecycle-process:2.7.0] AndroidManifest.xml:29:13-31:52
53                android:name="androidx.lifecycle.ProcessLifecycleInitializer"
53-->[androidx.lifecycle:lifecycle-process:2.7.0] AndroidManifest.xml:30:17-78
54                android:value="androidx.startup" />
54-->[androidx.lifecycle:lifecycle-process:2.7.0] AndroidManifest.xml:31:17-49
55            <meta-data
55-->[androidx.profileinstaller:profileinstaller:1.3.0] AndroidManifest.xml:29:13-31:52
56                android:name="androidx.profileinstaller.ProfileInstallerInitializer"
56-->[androidx.profileinstaller:profileinstaller:1.3.0] AndroidManifest.xml:30:17-85
57                android:value="androidx.startup" />
57-->[androidx.profileinstaller:profileinstaller:1.3.0] AndroidManifest.xml:31:17-49
58        </provider>
59
60        <service
60-->[com.google.firebase:firebase-auth-ktx:22.3.1] AndroidManifest.xml:8:9-14:19
61            android:name="com.google.firebase.components.ComponentDiscoveryService"
61-->[com.google.firebase:firebase-auth-ktx:22.3.1] AndroidManifest.xml:9:13-84
62            android:directBootAware="true"
62-->[com.google.firebase:firebase-common:20.4.2] AndroidManifest.xml:32:13-43
63            android:exported="false" >
63-->[com.google.firebase:firebase-auth-ktx:22.3.1] AndroidManifest.xml:10:13-37
64            <meta-data
64-->[com.google.firebase:firebase-auth-ktx:22.3.1] AndroidManifest.xml:11:13-13:85
65                android:name="com.google.firebase.components:com.google.firebase.auth.ktx.FirebaseAuthLegacyRegistrar"
65-->[com.google.firebase:firebase-auth-ktx:22.3.1] AndroidManifest.xml:12:17-119
66                android:value="com.google.firebase.components.ComponentRegistrar" />
66-->[com.google.firebase:firebase-auth-ktx:22.3.1] AndroidManifest.xml:13:17-82
67            <meta-data
67-->[com.google.firebase:firebase-auth:22.3.1] AndroidManifest.xml:69:13-71:85
68                android:name="com.google.firebase.components:com.google.firebase.auth.FirebaseAuthRegistrar"
68-->[com.google.firebase:firebase-auth:22.3.1] AndroidManifest.xml:70:17-109
69                android:value="com.google.firebase.components.ComponentRegistrar" />
69-->[com.google.firebase:firebase-auth:22.3.1] AndroidManifest.xml:71:17-82
70            <meta-data
70-->[com.google.firebase:firebase-firestore-ktx:24.10.2] AndroidManifest.xml:12:13-14:85
71                android:name="com.google.firebase.components:com.google.firebase.firestore.ktx.FirebaseFirestoreLegacyRegistrar"
71-->[com.google.firebase:firebase-firestore-ktx:24.10.2] AndroidManifest.xml:13:17-129
72                android:value="com.google.firebase.components.ComponentRegistrar" />
72-->[com.google.firebase:firebase-firestore-ktx:24.10.2] AndroidManifest.xml:14:17-82
73            <meta-data
73-->[com.google.firebase:firebase-firestore:24.10.2] AndroidManifest.xml:17:13-19:85
74                android:name="com.google.firebase.components:com.google.firebase.firestore.FirebaseFirestoreKtxRegistrar"
74-->[com.google.firebase:firebase-firestore:24.10.2] AndroidManifest.xml:18:17-122
75                android:value="com.google.firebase.components.ComponentRegistrar" />
75-->[com.google.firebase:firebase-firestore:24.10.2] AndroidManifest.xml:19:17-82
76            <meta-data
76-->[com.google.firebase:firebase-firestore:24.10.2] AndroidManifest.xml:20:13-22:85
77                android:name="com.google.firebase.components:com.google.firebase.firestore.FirestoreRegistrar"
77-->[com.google.firebase:firebase-firestore:24.10.2] AndroidManifest.xml:21:17-111
78                android:value="com.google.firebase.components.ComponentRegistrar" />
78-->[com.google.firebase:firebase-firestore:24.10.2] AndroidManifest.xml:22:17-82
79            <meta-data
79-->[com.google.firebase:firebase-common-ktx:20.4.2] AndroidManifest.xml:12:13-14:85
80                android:name="com.google.firebase.components:com.google.firebase.ktx.FirebaseCommonLegacyRegistrar"
80-->[com.google.firebase:firebase-common-ktx:20.4.2] AndroidManifest.xml:13:17-116
81                android:value="com.google.firebase.components.ComponentRegistrar" />
81-->[com.google.firebase:firebase-common-ktx:20.4.2] AndroidManifest.xml:14:17-82
82            <meta-data
82-->[com.google.firebase:firebase-common:20.4.2] AndroidManifest.xml:35:13-37:85
83                android:name="com.google.firebase.components:com.google.firebase.FirebaseCommonKtxRegistrar"
83-->[com.google.firebase:firebase-common:20.4.2] AndroidManifest.xml:36:17-109
84                android:value="com.google.firebase.components.ComponentRegistrar" />
84-->[com.google.firebase:firebase-common:20.4.2] AndroidManifest.xml:37:17-82
85        </service>
86
87        <activity
87-->[com.google.firebase:firebase-auth:22.3.1] AndroidManifest.xml:29:9-46:20
88            android:name="com.google.firebase.auth.internal.GenericIdpActivity"
88-->[com.google.firebase:firebase-auth:22.3.1] AndroidManifest.xml:30:13-80
89            android:excludeFromRecents="true"
89-->[com.google.firebase:firebase-auth:22.3.1] AndroidManifest.xml:31:13-46
90            android:exported="true"
90-->[com.google.firebase:firebase-auth:22.3.1] AndroidManifest.xml:32:13-36
91            android:launchMode="singleTask"
91-->[com.google.firebase:firebase-auth:22.3.1] AndroidManifest.xml:33:13-44
92            android:theme="@android:style/Theme.Translucent.NoTitleBar" >
92-->[com.google.firebase:firebase-auth:22.3.1] AndroidManifest.xml:34:13-72
93            <intent-filter>
93-->[com.google.firebase:firebase-auth:22.3.1] AndroidManifest.xml:35:13-45:29
94                <action android:name="android.intent.action.VIEW" />
94-->[com.google.firebase:firebase-auth:22.3.1] AndroidManifest.xml:36:17-69
94-->[com.google.firebase:firebase-auth:22.3.1] AndroidManifest.xml:36:25-66
95
96                <category android:name="android.intent.category.DEFAULT" />
96-->[com.google.firebase:firebase-auth:22.3.1] AndroidManifest.xml:38:17-76
96-->[com.google.firebase:firebase-auth:22.3.1] AndroidManifest.xml:38:27-73
97                <category android:name="android.intent.category.BROWSABLE" />
97-->[com.google.firebase:firebase-auth:22.3.1] AndroidManifest.xml:39:17-78
97-->[com.google.firebase:firebase-auth:22.3.1] AndroidManifest.xml:39:27-75
98
99                <data
99-->[com.google.firebase:firebase-auth:22.3.1] AndroidManifest.xml:41:17-44:51
100                    android:host="firebase.auth"
100-->[com.google.firebase:firebase-auth:22.3.1] AndroidManifest.xml:42:21-49
101                    android:path="/"
101-->[com.google.firebase:firebase-auth:22.3.1] AndroidManifest.xml:43:21-37
102                    android:scheme="genericidp" />
102-->[com.google.firebase:firebase-auth:22.3.1] AndroidManifest.xml:44:21-48
103            </intent-filter>
104        </activity>
105        <activity
105-->[com.google.firebase:firebase-auth:22.3.1] AndroidManifest.xml:47:9-64:20
106            android:name="com.google.firebase.auth.internal.RecaptchaActivity"
106-->[com.google.firebase:firebase-auth:22.3.1] AndroidManifest.xml:48:13-79
107            android:excludeFromRecents="true"
107-->[com.google.firebase:firebase-auth:22.3.1] AndroidManifest.xml:49:13-46
108            android:exported="true"
108-->[com.google.firebase:firebase-auth:22.3.1] AndroidManifest.xml:50:13-36
109            android:launchMode="singleTask"
109-->[com.google.firebase:firebase-auth:22.3.1] AndroidManifest.xml:51:13-44
110            android:theme="@android:style/Theme.Translucent.NoTitleBar" >
110-->[com.google.firebase:firebase-auth:22.3.1] AndroidManifest.xml:52:13-72
111            <intent-filter>
111-->[com.google.firebase:firebase-auth:22.3.1] AndroidManifest.xml:53:13-63:29
112                <action android:name="android.intent.action.VIEW" />
112-->[com.google.firebase:firebase-auth:22.3.1] AndroidManifest.xml:36:17-69
112-->[com.google.firebase:firebase-auth:22.3.1] AndroidManifest.xml:36:25-66
113
114                <category android:name="android.intent.category.DEFAULT" />
114-->[com.google.firebase:firebase-auth:22.3.1] AndroidManifest.xml:38:17-76
114-->[com.google.firebase:firebase-auth:22.3.1] AndroidManifest.xml:38:27-73
115                <category android:name="android.intent.category.BROWSABLE" />
115-->[com.google.firebase:firebase-auth:22.3.1] AndroidManifest.xml:39:17-78
115-->[com.google.firebase:firebase-auth:22.3.1] AndroidManifest.xml:39:27-75
116
117                <data
117-->[com.google.firebase:firebase-auth:22.3.1] AndroidManifest.xml:41:17-44:51
118                    android:host="firebase.auth"
118-->[com.google.firebase:firebase-auth:22.3.1] AndroidManifest.xml:42:21-49
119                    android:path="/"
119-->[com.google.firebase:firebase-auth:22.3.1] AndroidManifest.xml:43:21-37
120                    android:scheme="recaptcha" />
120-->[com.google.firebase:firebase-auth:22.3.1] AndroidManifest.xml:44:21-48
121            </intent-filter>
122        </activity>
123
124        <provider
124-->[com.google.firebase:firebase-common:20.4.2] AndroidManifest.xml:23:9-28:39
125            android:name="com.google.firebase.provider.FirebaseInitProvider"
125-->[com.google.firebase:firebase-common:20.4.2] AndroidManifest.xml:24:13-77
126            android:authorities="com.renteazy.firebaseinitprovider"
126-->[com.google.firebase:firebase-common:20.4.2] AndroidManifest.xml:25:13-72
127            android:directBootAware="true"
127-->[com.google.firebase:firebase-common:20.4.2] AndroidManifest.xml:26:13-43
128            android:exported="false"
128-->[com.google.firebase:firebase-common:20.4.2] AndroidManifest.xml:27:13-37
129            android:initOrder="100" />
129-->[com.google.firebase:firebase-common:20.4.2] AndroidManifest.xml:28:13-36
130
131        <activity
131-->[com.google.android.gms:play-services-base:18.0.1] AndroidManifest.xml:20:9-22:45
132            android:name="com.google.android.gms.common.api.GoogleApiActivity"
132-->[com.google.android.gms:play-services-base:18.0.1] AndroidManifest.xml:20:19-85
133            android:exported="false"
133-->[com.google.android.gms:play-services-base:18.0.1] AndroidManifest.xml:22:19-43
134            android:theme="@android:style/Theme.Translucent.NoTitleBar" />
134-->[com.google.android.gms:play-services-base:18.0.1] AndroidManifest.xml:21:19-78
135
136        <uses-library
136-->[androidx.window:window:1.0.0] AndroidManifest.xml:25:9-27:40
137            android:name="androidx.window.extensions"
137-->[androidx.window:window:1.0.0] AndroidManifest.xml:26:13-54
138            android:required="false" />
138-->[androidx.window:window:1.0.0] AndroidManifest.xml:27:13-37
139        <uses-library
139-->[androidx.window:window:1.0.0] AndroidManifest.xml:28:9-30:40
140            android:name="androidx.window.sidecar"
140-->[androidx.window:window:1.0.0] AndroidManifest.xml:29:13-51
141            android:required="false" />
141-->[androidx.window:window:1.0.0] AndroidManifest.xml:30:13-37
142
143        <meta-data
143-->[com.google.android.gms:play-services-basement:18.1.0] AndroidManifest.xml:21:9-23:69
144            android:name="com.google.android.gms.version"
144-->[com.google.android.gms:play-services-basement:18.1.0] AndroidManifest.xml:22:13-58
145            android:value="@integer/google_play_services_version" />
145-->[com.google.android.gms:play-services-basement:18.1.0] AndroidManifest.xml:23:13-66
146
147        <receiver
147-->[androidx.profileinstaller:profileinstaller:1.3.0] AndroidManifest.xml:34:9-52:20
148            android:name="androidx.profileinstaller.ProfileInstallReceiver"
148-->[androidx.profileinstaller:profileinstaller:1.3.0] AndroidManifest.xml:35:13-76
149            android:directBootAware="false"
149-->[androidx.profileinstaller:profileinstaller:1.3.0] AndroidManifest.xml:36:13-44
150            android:enabled="true"
150-->[androidx.profileinstaller:profileinstaller:1.3.0] AndroidManifest.xml:37:13-35
151            android:exported="true"
151-->[androidx.profileinstaller:profileinstaller:1.3.0] AndroidManifest.xml:38:13-36
152            android:permission="android.permission.DUMP" >
152-->[androidx.profileinstaller:profileinstaller:1.3.0] AndroidManifest.xml:39:13-57
153            <intent-filter>
153-->[androidx.profileinstaller:profileinstaller:1.3.0] AndroidManifest.xml:40:13-42:29
154                <action android:name="androidx.profileinstaller.action.INSTALL_PROFILE" />
154-->[androidx.profileinstaller:profileinstaller:1.3.0] AndroidManifest.xml:41:17-91
154-->[androidx.profileinstaller:profileinstaller:1.3.0] AndroidManifest.xml:41:25-88
155            </intent-filter>
156            <intent-filter>
156-->[androidx.profileinstaller:profileinstaller:1.3.0] AndroidManifest.xml:43:13-45:29
157                <action android:name="androidx.profileinstaller.action.SKIP_FILE" />
157-->[androidx.profileinstaller:profileinstaller:1.3.0] AndroidManifest.xml:44:17-85
157-->[androidx.profileinstaller:profileinstaller:1.3.0] AndroidManifest.xml:44:25-82
158            </intent-filter>
159            <intent-filter>
159-->[androidx.profileinstaller:profileinstaller:1.3.0] AndroidManifest.xml:46:13-48:29
160                <action android:name="androidx.profileinstaller.action.SAVE_PROFILE" />
160-->[androidx.profileinstaller:profileinstaller:1.3.0] AndroidManifest.xml:47:17-88
160-->[androidx.profileinstaller:profileinstaller:1.3.0] AndroidManifest.xml:47:25-85
161            </intent-filter>
162            <intent-filter>
162-->[androidx.profileinstaller:profileinstaller:1.3.0] AndroidManifest.xml:49:13-51:29
163                <action android:name="androidx.profileinstaller.action.BENCHMARK_OPERATION" />
163-->[androidx.profileinstaller:profileinstaller:1.3.0] AndroidManifest.xml:50:17-95
163-->[androidx.profileinstaller:profileinstaller:1.3.0] AndroidManifest.xml:50:25-92
164            </intent-filter>
165        </receiver>
166    </application>
167
168</manifest>